<?xml version="1.0" encoding="UTF-8"?>
<testsuite xmlns:xsi="http://www.w3.org/2001/XMLSchema-instance" xsi:noNamespaceSchemaLocation="https://maven.apache.org/surefire/maven-surefire-plugin/xsd/surefire-test-report-3.0.xsd" version="3.0" name="TestSuite" time="66.169" tests="18" errors="0" skipped="0" failures="0">
  <properties>
    <property name="java.specification.version" value="17"/>
    <property name="sun.cpu.isalist" value="amd64"/>
    <property name="sun.jnu.encoding" value="Cp1252"/>
    <property name="java.class.path" value="C:\Users\Orlando\eclipse-workspace\mercedes-benz-shop-australia\target\test-classes;C:\Users\Orlando\eclipse-workspace\mercedes-benz-shop-australia\target\classes;C:\Users\Orlando\.m2\repository\org\testng\testng\7.8.0\testng-7.8.0.jar;C:\Users\Orlando\.m2\repository\org\slf4j\slf4j-api\1.7.36\slf4j-api-1.7.36.jar;C:\Users\Orlando\.m2\repository\com\beust\jcommander\1.82\jcommander-1.82.jar;C:\Users\Orlando\.m2\repository\org\webjars\jquery\3.6.1\jquery-3.6.1.jar;C:\Users\Orlando\.m2\repository\org\seleniumhq\selenium\selenium-java\4.14.1\selenium-java-4.14.1.jar;C:\Users\Orlando\.m2\repository\org\seleniumhq\selenium\selenium-api\4.14.1\selenium-api-4.14.1.jar;C:\Users\Orlando\.m2\repository\org\seleniumhq\selenium\selenium-chrome-driver\4.14.1\selenium-chrome-driver-4.14.1.jar;C:\Users\Orlando\.m2\repository\com\google\auto\service\auto-service-annotations\1.1.1\auto-service-annotations-1.1.1.jar;C:\Users\Orlando\.m2\repository\com\google\guava\guava\32.1.2-jre\guava-32.1.2-jre.jar;C:\Users\Orlando\.m2\repository\com\google\guava\failureaccess\1.0.1\failureaccess-1.0.1.jar;C:\Users\Orlando\.m2\repository\com\google\guava\listenablefuture\9999.0-empty-to-avoid-conflict-with-guava\listenablefuture-9999.0-empty-to-avoid-conflict-with-guava.jar;C:\Users\Orlando\.m2\repository\com\google\code\findbugs\jsr305\3.0.2\jsr305-3.0.2.jar;C:\Users\Orlando\.m2\repository\org\checkerframework\checker-qual\3.33.0\checker-qual-3.33.0.jar;C:\Users\Orlando\.m2\repository\com\google\errorprone\error_prone_annotations\2.18.0\error_prone_annotations-2.18.0.jar;C:\Users\Orlando\.m2\repository\com\google\j2objc\j2objc-annotations\2.8\j2objc-annotations-2.8.jar;C:\Users\Orlando\.m2\repository\org\seleniumhq\selenium\selenium-chromium-driver\4.14.1\selenium-chromium-driver-4.14.1.jar;C:\Users\Orlando\.m2\repository\org\seleniumhq\selenium\selenium-json\4.14.1\selenium-json-4.14.1.jar;C:\Users\Orlando\.m2\repository\org\seleniumhq\selenium\selenium-manager\4.14.1\selenium-manager-4.14.1.jar;C:\Users\Orlando\.m2\repository\org\seleniumhq\selenium\selenium-devtools-v116\4.14.1\selenium-devtools-v116-4.14.1.jar;C:\Users\Orlando\.m2\repository\org\seleniumhq\selenium\selenium-devtools-v117\4.14.1\selenium-devtools-v117-4.14.1.jar;C:\Users\Orlando\.m2\repository\org\seleniumhq\selenium\selenium-devtools-v118\4.14.1\selenium-devtools-v118-4.14.1.jar;C:\Users\Orlando\.m2\repository\org\seleniumhq\selenium\selenium-devtools-v85\4.14.1\selenium-devtools-v85-4.14.1.jar;C:\Users\Orlando\.m2\repository\org\seleniumhq\selenium\selenium-edge-driver\4.14.1\selenium-edge-driver-4.14.1.jar;C:\Users\Orlando\.m2\repository\org\seleniumhq\selenium\selenium-firefox-driver\4.14.1\selenium-firefox-driver-4.14.1.jar;C:\Users\Orlando\.m2\repository\org\seleniumhq\selenium\selenium-http\4.14.1\selenium-http-4.14.1.jar;C:\Users\Orlando\.m2\repository\dev\failsafe\failsafe\3.3.2\failsafe-3.3.2.jar;C:\Users\Orlando\.m2\repository\org\seleniumhq\selenium\selenium-ie-driver\4.14.1\selenium-ie-driver-4.14.1.jar;C:\Users\Orlando\.m2\repository\org\seleniumhq\selenium\selenium-remote-driver\4.14.1\selenium-remote-driver-4.14.1.jar;C:\Users\Orlando\.m2\repository\io\opentelemetry\opentelemetry-api\1.28.0\opentelemetry-api-1.28.0.jar;C:\Users\Orlando\.m2\repository\io\opentelemetry\opentelemetry-context\1.28.0\opentelemetry-context-1.28.0.jar;C:\Users\Orlando\.m2\repository\io\opentelemetry\opentelemetry-exporter-logging\1.28.0\opentelemetry-exporter-logging-1.28.0.jar;C:\Users\Orlando\.m2\repository\io\opentelemetry\opentelemetry-sdk-metrics\1.28.0\opentelemetry-sdk-metrics-1.28.0.jar;C:\Users\Orlando\.m2\repository\io\opentelemetry\opentelemetry-extension-incubator\1.28.0-alpha\opentelemetry-extension-incubator-1.28.0-alpha.jar;C:\Users\Orlando\.m2\repository\io\opentelemetry\opentelemetry-sdk-logs\1.28.0\opentelemetry-sdk-logs-1.28.0.jar;C:\Users\Orlando\.m2\repository\io\opentelemetry\opentelemetry-sdk-common\1.28.0\opentelemetry-sdk-common-1.28.0.jar;C:\Users\Orlando\.m2\repository\io\opentelemetry\opentelemetry-sdk-extension-autoconfigure-spi\1.28.0\opentelemetry-sdk-extension-autoconfigure-spi-1.28.0.jar;C:\Users\Orlando\.m2\repository\io\opentelemetry\opentelemetry-sdk-extension-autoconfigure\1.28.0\opentelemetry-sdk-extension-autoconfigure-1.28.0.jar;C:\Users\Orlando\.m2\repository\io\opentelemetry\opentelemetry-api-events\1.28.0-alpha\opentelemetry-api-events-1.28.0-alpha.jar;C:\Users\Orlando\.m2\repository\io\opentelemetry\opentelemetry-sdk-trace\1.28.0\opentelemetry-sdk-trace-1.28.0.jar;C:\Users\Orlando\.m2\repository\io\opentelemetry\opentelemetry-sdk\1.28.0\opentelemetry-sdk-1.28.0.jar;C:\Users\Orlando\.m2\repository\io\opentelemetry\opentelemetry-semconv\1.28.0-alpha\opentelemetry-semconv-1.28.0-alpha.jar;C:\Users\Orlando\.m2\repository\net\bytebuddy\byte-buddy\1.14.5\byte-buddy-1.14.5.jar;C:\Users\Orlando\.m2\repository\org\seleniumhq\selenium\selenium-os\4.14.1\selenium-os-4.14.1.jar;C:\Users\Orlando\.m2\repository\org\apache\commons\commons-exec\1.3\commons-exec-1.3.jar;C:\Users\Orlando\.m2\repository\org\seleniumhq\selenium\selenium-safari-driver\4.14.1\selenium-safari-driver-4.14.1.jar;C:\Users\Orlando\.m2\repository\org\seleniumhq\selenium\selenium-support\4.14.1\selenium-support-4.14.1.jar;"/>
    <property name="java.vm.vendor" value="Oracle Corporation"/>
    <property name="sun.arch.data.model" value="64"/>
    <property name="user.variant" value=""/>
    <property name="java.vendor.url" value="https://java.oracle.com/"/>
    <property name="user.timezone" value="Europe/Lisbon"/>
    <property name="os.name" value="Windows 10"/>
    <property name="java.vm.specification.version" value="17"/>
    <property name="sun.java.launcher" value="SUN_STANDARD"/>
    <property name="user.country" value="PT"/>
    <property name="sun.boot.library.path" value="C:\Program Files\Java\jdk-17\bin"/>
    <property name="sun.java.command" value="C:\Users\Orlando\AppData\Local\Temp\surefire18424925592226668337\surefirebooter-20231116034809760_3.jar C:\Users\Orlando\AppData\Local\Temp\surefire18424925592226668337 2023-11-16T03-48-09_558-jvmRun1 surefire-20231116034809760_1tmp surefire_0-20231116034809760_2tmp"/>
    <property name="jdk.debug" value="release"/>
    <property name="surefire.test.class.path" value="C:\Users\Orlando\eclipse-workspace\mercedes-benz-shop-australia\target\test-classes;C:\Users\Orlando\eclipse-workspace\mercedes-benz-shop-australia\target\classes;C:\Users\Orlando\.m2\repository\org\testng\testng\7.8.0\testng-7.8.0.jar;C:\Users\Orlando\.m2\repository\org\slf4j\slf4j-api\1.7.36\slf4j-api-1.7.36.jar;C:\Users\Orlando\.m2\repository\com\beust\jcommander\1.82\jcommander-1.82.jar;C:\Users\Orlando\.m2\repository\org\webjars\jquery\3.6.1\jquery-3.6.1.jar;C:\Users\Orlando\.m2\repository\org\seleniumhq\selenium\selenium-java\4.14.1\selenium-java-4.14.1.jar;C:\Users\Orlando\.m2\repository\org\seleniumhq\selenium\selenium-api\4.14.1\selenium-api-4.14.1.jar;C:\Users\Orlando\.m2\repository\org\seleniumhq\selenium\selenium-chrome-driver\4.14.1\selenium-chrome-driver-4.14.1.jar;C:\Users\Orlando\.m2\repository\com\google\auto\service\auto-service-annotations\1.1.1\auto-service-annotations-1.1.1.jar;C:\Users\Orlando\.m2\repository\com\google\guava\guava\32.1.2-jre\guava-32.1.2-jre.jar;C:\Users\Orlando\.m2\repository\com\google\guava\failureaccess\1.0.1\failureaccess-1.0.1.jar;C:\Users\Orlando\.m2\repository\com\google\guava\listenablefuture\9999.0-empty-to-avoid-conflict-with-guava\listenablefuture-9999.0-empty-to-avoid-conflict-with-guava.jar;C:\Users\Orlando\.m2\repository\com\google\code\findbugs\jsr305\3.0.2\jsr305-3.0.2.jar;C:\Users\Orlando\.m2\repository\org\checkerframework\checker-qual\3.33.0\checker-qual-3.33.0.jar;C:\Users\Orlando\.m2\repository\com\google\errorprone\error_prone_annotations\2.18.0\error_prone_annotations-2.18.0.jar;C:\Users\Orlando\.m2\repository\com\google\j2objc\j2objc-annotations\2.8\j2objc-annotations-2.8.jar;C:\Users\Orlando\.m2\repository\org\seleniumhq\selenium\selenium-chromium-driver\4.14.1\selenium-chromium-driver-4.14.1.jar;C:\Users\Orlando\.m2\repository\org\seleniumhq\selenium\selenium-json\4.14.1\selenium-json-4.14.1.jar;C:\Users\Orlando\.m2\repository\org\seleniumhq\selenium\selenium-manager\4.14.1\selenium-manager-4.14.1.jar;C:\Users\Orlando\.m2\repository\org\seleniumhq\selenium\selenium-devtools-v116\4.14.1\selenium-devtools-v116-4.14.1.jar;C:\Users\Orlando\.m2\repository\org\seleniumhq\selenium\selenium-devtools-v117\4.14.1\selenium-devtools-v117-4.14.1.jar;C:\Users\Orlando\.m2\repository\org\seleniumhq\selenium\selenium-devtools-v118\4.14.1\selenium-devtools-v118-4.14.1.jar;C:\Users\Orlando\.m2\repository\org\seleniumhq\selenium\selenium-devtools-v85\4.14.1\selenium-devtools-v85-4.14.1.jar;C:\Users\Orlando\.m2\repository\org\seleniumhq\selenium\selenium-edge-driver\4.14.1\selenium-edge-driver-4.14.1.jar;C:\Users\Orlando\.m2\repository\org\seleniumhq\selenium\selenium-firefox-driver\4.14.1\selenium-firefox-driver-4.14.1.jar;C:\Users\Orlando\.m2\repository\org\seleniumhq\selenium\selenium-http\4.14.1\selenium-http-4.14.1.jar;C:\Users\Orlando\.m2\repository\dev\failsafe\failsafe\3.3.2\failsafe-3.3.2.jar;C:\Users\Orlando\.m2\repository\org\seleniumhq\selenium\selenium-ie-driver\4.14.1\selenium-ie-driver-4.14.1.jar;C:\Users\Orlando\.m2\repository\org\seleniumhq\selenium\selenium-remote-driver\4.14.1\selenium-remote-driver-4.14.1.jar;C:\Users\Orlando\.m2\repository\io\opentelemetry\opentelemetry-api\1.28.0\opentelemetry-api-1.28.0.jar;C:\Users\Orlando\.m2\repository\io\opentelemetry\opentelemetry-context\1.28.0\opentelemetry-context-1.28.0.jar;C:\Users\Orlando\.m2\repository\io\opentelemetry\opentelemetry-exporter-logging\1.28.0\opentelemetry-exporter-logging-1.28.0.jar;C:\Users\Orlando\.m2\repository\io\opentelemetry\opentelemetry-sdk-metrics\1.28.0\opentelemetry-sdk-metrics-1.28.0.jar;C:\Users\Orlando\.m2\repository\io\opentelemetry\opentelemetry-extension-incubator\1.28.0-alpha\opentelemetry-extension-incubator-1.28.0-alpha.jar;C:\Users\Orlando\.m2\repository\io\opentelemetry\opentelemetry-sdk-logs\1.28.0\opentelemetry-sdk-logs-1.28.0.jar;C:\Users\Orlando\.m2\repository\io\opentelemetry\opentelemetry-sdk-common\1.28.0\opentelemetry-sdk-common-1.28.0.jar;C:\Users\Orlando\.m2\repository\io\opentelemetry\opentelemetry-sdk-extension-autoconfigure-spi\1.28.0\opentelemetry-sdk-extension-autoconfigure-spi-1.28.0.jar;C:\Users\Orlando\.m2\repository\io\opentelemetry\opentelemetry-sdk-extension-autoconfigure\1.28.0\opentelemetry-sdk-extension-autoconfigure-1.28.0.jar;C:\Users\Orlando\.m2\repository\io\opentelemetry\opentelemetry-api-events\1.28.0-alpha\opentelemetry-api-events-1.28.0-alpha.jar;C:\Users\Orlando\.m2\repository\io\opentelemetry\opentelemetry-sdk-trace\1.28.0\opentelemetry-sdk-trace-1.28.0.jar;C:\Users\Orlando\.m2\repository\io\opentelemetry\opentelemetry-sdk\1.28.0\opentelemetry-sdk-1.28.0.jar;C:\Users\Orlando\.m2\repository\io\opentelemetry\opentelemetry-semconv\1.28.0-alpha\opentelemetry-semconv-1.28.0-alpha.jar;C:\Users\Orlando\.m2\repository\net\bytebuddy\byte-buddy\1.14.5\byte-buddy-1.14.5.jar;C:\Users\Orlando\.m2\repository\org\seleniumhq\selenium\selenium-os\4.14.1\selenium-os-4.14.1.jar;C:\Users\Orlando\.m2\repository\org\apache\commons\commons-exec\1.3\commons-exec-1.3.jar;C:\Users\Orlando\.m2\repository\org\seleniumhq\selenium\selenium-safari-driver\4.14.1\selenium-safari-driver-4.14.1.jar;C:\Users\Orlando\.m2\repository\org\seleniumhq\selenium\selenium-support\4.14.1\selenium-support-4.14.1.jar;"/>
    <property name="sun.cpu.endian" value="little"/>
    <property name="user.home" value="C:\Users\Orlando"/>
    <property name="user.language" value="pt"/>
    <property name="java.specification.vendor" value="Oracle Corporation"/>
    <property name="java.version.date" value="2023-10-17"/>
    <property name="java.home" value="C:\Program Files\Java\jdk-17"/>
    <property name="file.separator" value="\"/>
    <property name="basedir" value="C:\Users\Orlando\eclipse-workspace\mercedes-benz-shop-australia"/>
    <property name="java.vm.compressedOopsMode" value="32-bit"/>
    <property name="line.separator" value="&#10;"/>
    <property name="java.vm.specification.vendor" value="Oracle Corporation"/>
    <property name="java.specification.name" value="Java Platform API Specification"/>
    <property name="surefire.real.class.path" value="C:\Users\Orlando\AppData\Local\Temp\surefire18424925592226668337\surefirebooter-20231116034809760_3.jar"/>
    <property name="user.script" value=""/>
    <property name="sun.management.compiler" value="HotSpot 64-Bit Tiered Compilers"/>
    <property name="java.runtime.version" value="17.0.9+11-LTS-201"/>
    <property name="user.name" value="Orlando"/>
    <property name="path.separator" value=";"/>
    <property name="os.version" value="10.0"/>
    <property name="java.runtime.name" value="Java(TM) SE Runtime Environment"/>
    <property name="file.encoding" value="Cp1252"/>
    <property name="java.vm.name" value="Java HotSpot(TM) 64-Bit Server VM"/>
    <property name="localRepository" value="C:\Users\Orlando\.m2\repository"/>
    <property name="java.vendor.url.bug" value="https://bugreport.java.com/bugreport/"/>
    <property name="java.io.tmpdir" value="C:\Users\Orlando\AppData\Local\Temp\"/>
    <property name="java.version" value="17.0.9"/>
    <property name="user.dir" value="C:\Users\Orlando\eclipse-workspace\mercedes-benz-shop-australia"/>
    <property name="os.arch" value="amd64"/>
    <property name="java.vm.specification.name" value="Java Virtual Machine Specification"/>
    <property name="sun.os.patch.level" value=""/>
    <property name="native.encoding" value="Cp1252"/>
    <property name="java.library.path" value="C:\Program Files\Java\jdk-17\bin;C:\WINDOWS\Sun\Java\bin;C:\WINDOWS\system32;C:\WINDOWS;C:\Program Files\Common Files\Oracle\Java\javapath;C:\WINDOWS\system32;C:\WINDOWS;C:\WINDOWS\System32\Wbem;C:\WINDOWS\System32\WindowsPowerShell\v1.0\;C:\WINDOWS\System32\OpenSSH\;C:\Program Files\Java\jdk-17\bin;C:\opt\apache-maven-3.9.5\bin;C:\Program Files\Java\jdk-17\bin;C:\Users\Orlando\AppData\Local\Microsoft\WindowsApps;C:\Users\Orlando\AppData\Local\GitHubDesktop\bin;."/>
    <property name="java.vm.info" value="mixed mode, sharing"/>
    <property name="java.vendor" value="Oracle Corporation"/>
    <property name="java.vm.version" value="17.0.9+11-LTS-201"/>
    <property name="sun.io.unicode.encoding" value="UnicodeLittle"/>
    <property name="java.class.version" value="61.0"/>
  </properties>
  <testcase name="acceptCookiesTest[The cookies message is still being displayed.](1)" classname="com.mercedesbenz.shop.ShopHomePageTests" time="1.347">
    <system-out><![CDATA[Browser started
Page is opened
acceptCookiesTest started
acceptCookiesTest finished
]]></system-out>
    <system-err><![CDATA[SLF4J: Failed to load class "org.slf4j.impl.StaticLoggerBinder".
SLF4J: Defaulting to no-operation (NOP) logger implementation
SLF4J: See http://www.slf4j.org/codes.html#StaticLoggerBinder for further details.
nov. 16, 2023 3:48:12 DA MANHÃ org.openqa.selenium.devtools.CdpVersionFinder findNearestMatch
WARNING: Unable to find an exact match for CDP version 119, returning the closest version; found: 118; Please update to a Selenium version that supports CDP version 119
]]></system-err>
  </testcase>
  <testcase name="acceptCookiesTest[The cookies message is still being displayed.](1)" classname="com.mercedesbenz.shop.ShopHomePageTests" time="1.01">
    <system-out><![CDATA[Browser started
Page is opened
acceptCookiesTest started
acceptCookiesTest finished
]]></system-out>
  </testcase>
  <testcase name="fillLocationFormTest[New South Wales, 2007, Private, The location form is still being displayed.](1)" classname="com.mercedesbenz.shop.ShopHomePageTests" time="2.169">
    <system-out><![CDATA[fillLocationFormTest started
fillLocationFormTest finished
]]></system-out>
  </testcase>
  <testcase name="fillLocationFormTest[New South Wales, 2007, Private, The location form is still being displayed.](1)" classname="com.mercedesbenz.shop.ShopHomePageTests" time="3.033">
    <system-out><![CDATA[fillLocationFormTest started
fillLocationFormTest finished
]]></system-out>
  </testcase>
  <testcase name="openCarFilterFormTest[The car filter form is not being displayed.](1)" classname="com.mercedesbenz.shop.ShopHomePageTests" time="1.168">
    <system-out><![CDATA[openCarFilterFormTest started
openCarFilterFormTest finished
]]></system-out>
  </testcase>
  <testcase name="openCarFilterFormTest[The car filter form is not being displayed.](1)" classname="com.mercedesbenz.shop.ShopHomePageTests" time="0.952">
    <system-out><![CDATA[openCarFilterFormTest started
openCarFilterFormTest finished
]]></system-out>
  </testcase>
  <testcase name="fillCarFilterFormTest" classname="com.mercedesbenz.shop.ShopHomePageTests" time="8.104">
    <system-out><![CDATA[fillCarFilterFormTest started
fillCarFilterFormTest finished
]]></system-out>
  </testcase>
  <testcase name="fillCarFilterFormTest" classname="com.mercedesbenz.shop.ShopHomePageTests" time="7.433">
    <system-out><![CDATA[fillCarFilterFormTest started
fillCarFilterFormTest finished
]]></system-out>
  </testcase>
  <testcase name="sortingCarFilterTest[Price (descending)](1)" classname="com.mercedesbenz.shop.ShopHomePageTests" time="0.972">
    <system-out><![CDATA[sortingCarFilterTest started
sortingCarFilterTest finished
]]></system-out>
  </testcase>
  <testcase name="sortingCarFilterTest[Price (descending)](1)" classname="com.mercedesbenz.shop.ShopHomePageTests" time="0.393">
    <system-out><![CDATA[sortingCarFilterTest started
sortingCarFilterTest finished
]]></system-out>
  </testcase>
  <testcase name="selectFirstCarAvailableTest" classname="com.mercedesbenz.shop.ShopHomePageTests" time="1.808">
    <system-out><![CDATA[selectFirstCarAvailableTest started
selectFirstCarAvailableTest finished
]]></system-out>
  </testcase>
  <testcase name="selectFirstCarAvailableTest" classname="com.mercedesbenz.shop.ShopHomePageTests" time="2.736">
    <system-out><![CDATA[selectFirstCarAvailableTest started
selectFirstCarAvailableTest finished
]]></system-out>
  </testcase>
  <testcase name="getCarTechDetailTest[VIN;Model Year, ./test-file-output/output.txt](1)" classname="com.mercedesbenz.shop.ShopCarExplorerTests" time="0.345">
    <system-out><![CDATA[getCarTechDetailTest started
Model Year:2019
VIN:WDC2539462V148681
getCarTechDetailTest finished
]]></system-out>
  </testcase>
  <testcase name="getCarTechDetailTest[VIN;Model Year, ./test-file-output/output.txt](1)" classname="com.mercedesbenz.shop.ShopCarExplorerTests" time="0.259">
    <system-out><![CDATA[getCarTechDetailTest started
Model Year:2019
VIN:WDC2539462V148681
getCarTechDetailTest finished
]]></system-out>
  </testcase>
  <testcase name="openEnquireNowFormTest[The Enquire Now form is not being displayed.](1)" classname="com.mercedesbenz.shop.ShopCarExplorerTests" time="1.82">
    <system-out><![CDATA[openEnquireNowFormTest started
openEnquireNowFormTest finished
]]></system-out>
  </testcase>
  <testcase name="openEnquireNowFormTest[The Enquire Now form is not being displayed.](1)" classname="com.mercedesbenz.shop.ShopCarExplorerTests" time="2.037">
    <system-out><![CDATA[openEnquireNowFormTest started
openEnquireNowFormTest finished
]]></system-out>
  </testcase>
  <testcase name="fillEnquireNowCarFormNegativeTest[John, Doe, jonh.doe.gmail.com, 0441234567, 2007, test, true, true, true, true, Please check the data you entered.](1)" classname="com.mercedesbenz.shop.ShopCarExplorerTests" time="0.897">
    <system-out><![CDATA[fillEnquireNowCarFormNegativeTest started
fillEnquireNowCarFormNegativeTest finished
]]></system-out>
  </testcase>
  <testcase name="fillEnquireNowCarFormNegativeTest[John, Doe, jonh.doe.gmail.com, 0441234567, 2007, test, true, true, true, true, Please check the data you entered.](1)" classname="com.mercedesbenz.shop.ShopCarExplorerTests" time="1.745">
    <system-out><![CDATA[fillEnquireNowCarFormNegativeTest started
fillEnquireNowCarFormNegativeTest finished
]]></system-out>
  </testcase>
</testsuite>