<?xml version="1.0" encoding="UTF-8"?>
<!-- Generated by org.testng.reporters.JUnitReportReporter -->
<testsuite hostname="ORLANDO-Win10" failures="0" tests="1" name="com.mercedesbenz.shop.ShopCarInitSetupTests" time="1.225" errors="0" timestamp="2023-11-13T21:46:03 WET" skipped="0">
  <testcase classname="com.mercedesbenz.shop.ShopCarInitSetupTests" name="acceptCookiesTest" time="1.225"/>
</testsuite> <!-- com.mercedesbenz.shop.ShopCarInitSetupTests -->
