<?xml version="1.0" encoding="UTF-8"?>
<!-- Generated by org.testng.reporters.JUnitReportReporter -->
<testsuite hostname="ORLANDO-Win10" failures="0" tests="3" name="com.mercedesbenz.shop.ShopCarExplorerTests" time="2.821" errors="0" timestamp="2023-11-14T02:16:12 WET" skipped="0">
  <testcase classname="com.mercedesbenz.shop.ShopCarExplorerTests" name="fillEnquireNowCarFormNegativeTest" time="1.002"/>
  <testcase classname="com.mercedesbenz.shop.ShopCarExplorerTests" name="openEnquireNowFormTest" time="1.395"/>
  <testcase classname="com.mercedesbenz.shop.ShopCarExplorerTests" name="getCarTechDetailTest" time="0.424"/>
</testsuite> <!-- com.mercedesbenz.shop.ShopCarExplorerTests -->
