<?xml version="1.0" encoding="UTF-8"?>
<!-- Generated by org.testng.reporters.JUnitReportReporter -->
<testsuite hostname="ORLANDO-Win10" failures="0" tests="3" name="com.mercedesbenz.shop.ShopCarExplorerTests" time="2.683" errors="0" timestamp="2023-11-15T00:04:58 WET" skipped="0">
  <testcase classname="com.mercedesbenz.shop.ShopCarExplorerTests" name="fillEnquireNowCarFormNegativeTest" time="1.015"/>
  <testcase classname="com.mercedesbenz.shop.ShopCarExplorerTests" name="openEnquireNowFormTest" time="1.283"/>
  <testcase classname="com.mercedesbenz.shop.ShopCarExplorerTests" name="getCarTechDetailTest" time="0.385"/>
</testsuite> <!-- com.mercedesbenz.shop.ShopCarExplorerTests -->
