<?xml version="1.0" encoding="UTF-8"?>
<!-- Generated by org.testng.reporters.JUnitReportReporter -->
<testsuite hostname="ORLANDO-Win10" failures="0" tests="6" name="com.mercedesbenz.shop.ShopCarExplorerTests" time="7.074" errors="0" timestamp="2023-11-16T03:49:16 WET" skipped="0">
  <testcase classname="com.mercedesbenz.shop.ShopCarExplorerTests" name="openEnquireNowFormTest" time="2.038"/>
  <testcase classname="com.mercedesbenz.shop.ShopCarExplorerTests" name="getCarTechDetailTest" time="0.343"/>
  <testcase classname="com.mercedesbenz.shop.ShopCarExplorerTests" name="openEnquireNowFormTest" time="1.808"/>
  <testcase classname="com.mercedesbenz.shop.ShopCarExplorerTests" name="fillEnquireNowCarFormNegativeTest" time="0.902"/>
  <testcase classname="com.mercedesbenz.shop.ShopCarExplorerTests" name="fillEnquireNowCarFormNegativeTest" time="1.726"/>
  <testcase classname="com.mercedesbenz.shop.ShopCarExplorerTests" name="getCarTechDetailTest" time="0.257"/>
</testsuite> <!-- com.mercedesbenz.shop.ShopCarExplorerTests -->
